<?xml version="1.0" encoding="UTF-8"?>
<testsuite xmlns:xsi="http://www.w3.org/2001/XMLSchema-instance" xsi:noNamespaceSchemaLocation="https://maven.apache.org/surefire/maven-surefire-plugin/xsd/surefire-test-report.xsd" name="com.zyz.bookshopmanage.BookshopmanageApplicationTests" time="12.829" tests="1" errors="0" skipped="0" failures="0">
  <properties>
    <property name="sun.desktop" value="windows"/>
    <property name="awt.toolkit" value="sun.awt.windows.WToolkit"/>
    <property name="file.encoding.pkg" value="sun.io"/>
    <property name="java.specification.version" value="1.8"/>
    <property name="sun.cpu.isalist" value="amd64"/>
    <property name="sun.jnu.encoding" value="GBK"/>
    <property name="java.class.path" value="G:\workspace\BookShopManage\target\test-classes;G:\workspace\BookShopManage\target\classes;E:\pvmaven\repository\org\springframework\boot\spring-boot-starter\2.7.0\spring-boot-starter-2.7.0.jar;E:\pvmaven\repository\org\springframework\boot\spring-boot\2.7.0\spring-boot-2.7.0.jar;E:\pvmaven\repository\org\springframework\spring-context\5.3.20\spring-context-5.3.20.jar;E:\pvmaven\repository\org\springframework\boot\spring-boot-autoconfigure\2.7.0\spring-boot-autoconfigure-2.7.0.jar;E:\pvmaven\repository\org\springframework\boot\spring-boot-starter-logging\2.7.0\spring-boot-starter-logging-2.7.0.jar;E:\pvmaven\repository\org\apache\logging\log4j\log4j-to-slf4j\2.17.2\log4j-to-slf4j-2.17.2.jar;E:\pvmaven\repository\org\apache\logging\log4j\log4j-api\2.17.2\log4j-api-2.17.2.jar;E:\pvmaven\repository\org\slf4j\jul-to-slf4j\1.7.36\jul-to-slf4j-1.7.36.jar;E:\pvmaven\repository\jakarta\annotation\jakarta.annotation-api\1.3.5\jakarta.annotation-api-1.3.5.jar;E:\pvmaven\repository\org\springframework\spring-core\5.3.20\spring-core-5.3.20.jar;E:\pvmaven\repository\org\springframework\spring-jcl\5.3.20\spring-jcl-5.3.20.jar;E:\pvmaven\repository\org\yaml\snakeyaml\1.30\snakeyaml-1.30.jar;E:\pvmaven\repository\org\springframework\boot\spring-boot-starter-test\2.7.0\spring-boot-starter-test-2.7.0.jar;E:\pvmaven\repository\org\springframework\boot\spring-boot-test\2.7.0\spring-boot-test-2.7.0.jar;E:\pvmaven\repository\org\springframework\boot\spring-boot-test-autoconfigure\2.7.0\spring-boot-test-autoconfigure-2.7.0.jar;E:\pvmaven\repository\com\jayway\jsonpath\json-path\2.7.0\json-path-2.7.0.jar;E:\pvmaven\repository\net\minidev\json-smart\2.4.8\json-smart-2.4.8.jar;E:\pvmaven\repository\net\minidev\accessors-smart\2.4.8\accessors-smart-2.4.8.jar;E:\pvmaven\repository\org\ow2\asm\asm\9.1\asm-9.1.jar;E:\pvmaven\repository\jakarta\xml\bind\jakarta.xml.bind-api\2.3.3\jakarta.xml.bind-api-2.3.3.jar;E:\pvmaven\repository\jakarta\activation\jakarta.activation-api\1.2.2\jakarta.activation-api-1.2.2.jar;E:\pvmaven\repository\org\assertj\assertj-core\3.22.0\assertj-core-3.22.0.jar;E:\pvmaven\repository\org\hamcrest\hamcrest\2.2\hamcrest-2.2.jar;E:\pvmaven\repository\org\junit\jupiter\junit-jupiter\5.8.2\junit-jupiter-5.8.2.jar;E:\pvmaven\repository\org\junit\jupiter\junit-jupiter-api\5.8.2\junit-jupiter-api-5.8.2.jar;E:\pvmaven\repository\org\opentest4j\opentest4j\1.2.0\opentest4j-1.2.0.jar;E:\pvmaven\repository\org\junit\platform\junit-platform-commons\1.8.2\junit-platform-commons-1.8.2.jar;E:\pvmaven\repository\org\apiguardian\apiguardian-api\1.1.2\apiguardian-api-1.1.2.jar;E:\pvmaven\repository\org\junit\jupiter\junit-jupiter-params\5.8.2\junit-jupiter-params-5.8.2.jar;E:\pvmaven\repository\org\junit\jupiter\junit-jupiter-engine\5.8.2\junit-jupiter-engine-5.8.2.jar;E:\pvmaven\repository\org\junit\platform\junit-platform-engine\1.8.2\junit-platform-engine-1.8.2.jar;E:\pvmaven\repository\org\mockito\mockito-core\4.5.1\mockito-core-4.5.1.jar;E:\pvmaven\repository\net\bytebuddy\byte-buddy\1.12.10\byte-buddy-1.12.10.jar;E:\pvmaven\repository\net\bytebuddy\byte-buddy-agent\1.12.10\byte-buddy-agent-1.12.10.jar;E:\pvmaven\repository\org\objenesis\objenesis\3.2\objenesis-3.2.jar;E:\pvmaven\repository\org\mockito\mockito-junit-jupiter\4.5.1\mockito-junit-jupiter-4.5.1.jar;E:\pvmaven\repository\org\skyscreamer\jsonassert\1.5.0\jsonassert-1.5.0.jar;E:\pvmaven\repository\com\vaadin\external\google\android-json\0.0.20131108.vaadin1\android-json-0.0.20131108.vaadin1.jar;E:\pvmaven\repository\org\springframework\spring-test\5.3.20\spring-test-5.3.20.jar;E:\pvmaven\repository\org\xmlunit\xmlunit-core\2.9.0\xmlunit-core-2.9.0.jar;E:\pvmaven\repository\com\baomidou\mybatis-plus-boot-starter\3.5.1\mybatis-plus-boot-starter-3.5.1.jar;E:\pvmaven\repository\com\baomidou\mybatis-plus\3.5.1\mybatis-plus-3.5.1.jar;E:\pvmaven\repository\com\baomidou\mybatis-plus-extension\3.5.1\mybatis-plus-extension-3.5.1.jar;E:\pvmaven\repository\com\baomidou\mybatis-plus-core\3.5.1\mybatis-plus-core-3.5.1.jar;E:\pvmaven\repository\com\baomidou\mybatis-plus-annotation\3.5.1\mybatis-plus-annotation-3.5.1.jar;E:\pvmaven\repository\com\github\jsqlparser\jsqlparser\4.3\jsqlparser-4.3.jar;E:\pvmaven\repository\org\projectlombok\lombok\1.18.24\lombok-1.18.24.jar;E:\pvmaven\repository\mysql\mysql-connector-java\8.0.29\mysql-connector-java-8.0.29.jar;E:\pvmaven\repository\org\mybatis\spring\boot\mybatis-spring-boot-starter\2.2.1\mybatis-spring-boot-starter-2.2.1.jar;E:\pvmaven\repository\org\mybatis\spring\boot\mybatis-spring-boot-autoconfigure\2.2.1\mybatis-spring-boot-autoconfigure-2.2.1.jar;E:\pvmaven\repository\org\mybatis\mybatis\3.5.9\mybatis-3.5.9.jar;E:\pvmaven\repository\org\mybatis\mybatis-spring\2.0.6\mybatis-spring-2.0.6.jar;E:\pvmaven\repository\org\springframework\boot\spring-boot-starter-jdbc\2.7.0\spring-boot-starter-jdbc-2.7.0.jar;E:\pvmaven\repository\com\zaxxer\HikariCP\4.0.3\HikariCP-4.0.3.jar;E:\pvmaven\repository\org\springframework\spring-jdbc\5.3.20\spring-jdbc-5.3.20.jar;E:\pvmaven\repository\org\springframework\spring-beans\5.3.20\spring-beans-5.3.20.jar;E:\pvmaven\repository\org\springframework\spring-tx\5.3.20\spring-tx-5.3.20.jar;E:\pvmaven\repository\com\auth0\java-jwt\3.2.0\java-jwt-3.2.0.jar;E:\pvmaven\repository\com\fasterxml\jackson\core\jackson-databind\2.13.3\jackson-databind-2.13.3.jar;E:\pvmaven\repository\com\fasterxml\jackson\core\jackson-annotations\2.13.3\jackson-annotations-2.13.3.jar;E:\pvmaven\repository\com\fasterxml\jackson\core\jackson-core\2.13.3\jackson-core-2.13.3.jar;E:\pvmaven\repository\org\bouncycastle\bcprov-jdk15on\1.55\bcprov-jdk15on-1.55.jar;E:\pvmaven\repository\org\springframework\boot\spring-boot-starter-web\2.7.0\spring-boot-starter-web-2.7.0.jar;E:\pvmaven\repository\org\springframework\boot\spring-boot-starter-json\2.7.0\spring-boot-starter-json-2.7.0.jar;E:\pvmaven\repository\com\fasterxml\jackson\datatype\jackson-datatype-jdk8\2.13.3\jackson-datatype-jdk8-2.13.3.jar;E:\pvmaven\repository\com\fasterxml\jackson\datatype\jackson-datatype-jsr310\2.13.3\jackson-datatype-jsr310-2.13.3.jar;E:\pvmaven\repository\com\fasterxml\jackson\module\jackson-module-parameter-names\2.13.3\jackson-module-parameter-names-2.13.3.jar;E:\pvmaven\repository\org\springframework\boot\spring-boot-starter-tomcat\2.7.0\spring-boot-starter-tomcat-2.7.0.jar;E:\pvmaven\repository\org\apache\tomcat\embed\tomcat-embed-core\9.0.63\tomcat-embed-core-9.0.63.jar;E:\pvmaven\repository\org\apache\tomcat\embed\tomcat-embed-el\9.0.63\tomcat-embed-el-9.0.63.jar;E:\pvmaven\repository\org\apache\tomcat\embed\tomcat-embed-websocket\9.0.63\tomcat-embed-websocket-9.0.63.jar;E:\pvmaven\repository\org\springframework\spring-web\5.3.20\spring-web-5.3.20.jar;E:\pvmaven\repository\org\springframework\spring-webmvc\5.3.20\spring-webmvc-5.3.20.jar;E:\pvmaven\repository\org\springframework\spring-aop\5.3.20\spring-aop-5.3.20.jar;E:\pvmaven\repository\org\springframework\spring-expression\5.3.20\spring-expression-5.3.20.jar;E:\pvmaven\repository\com\github\xiaoymin\knife4j-spring-boot-starter\2.0.7\knife4j-spring-boot-starter-2.0.7.jar;E:\pvmaven\repository\com\github\xiaoymin\knife4j-spring-boot-autoconfigure\2.0.7\knife4j-spring-boot-autoconfigure-2.0.7.jar;E:\pvmaven\repository\com\github\xiaoymin\knife4j-spring\2.0.7\knife4j-spring-2.0.7.jar;E:\pvmaven\repository\com\github\xiaoymin\knife4j-annotations\2.0.7\knife4j-annotations-2.0.7.jar;E:\pvmaven\repository\com\github\xiaoymin\knife4j-core\2.0.7\knife4j-core-2.0.7.jar;E:\pvmaven\repository\org\javassist\javassist\3.25.0-GA\javassist-3.25.0-GA.jar;E:\pvmaven\repository\io\swagger\swagger-models\1.5.22\swagger-models-1.5.22.jar;E:\pvmaven\repository\io\swagger\swagger-annotations\1.5.22\swagger-annotations-1.5.22.jar;E:\pvmaven\repository\io\springfox\springfox-swagger2\2.10.5\springfox-swagger2-2.10.5.jar;E:\pvmaven\repository\io\springfox\springfox-spi\2.10.5\springfox-spi-2.10.5.jar;E:\pvmaven\repository\io\springfox\springfox-core\2.10.5\springfox-core-2.10.5.jar;E:\pvmaven\repository\io\springfox\springfox-schema\2.10.5\springfox-schema-2.10.5.jar;E:\pvmaven\repository\io\springfox\springfox-swagger-common\2.10.5\springfox-swagger-common-2.10.5.jar;E:\pvmaven\repository\io\springfox\springfox-spring-web\2.10.5\springfox-spring-web-2.10.5.jar;E:\pvmaven\repository\io\github\classgraph\classgraph\4.1.7\classgraph-4.1.7.jar;E:\pvmaven\repository\com\fasterxml\classmate\1.5.1\classmate-1.5.1.jar;E:\pvmaven\repository\org\springframework\plugin\spring-plugin-core\2.0.0.RELEASE\spring-plugin-core-2.0.0.RELEASE.jar;E:\pvmaven\repository\org\springframework\plugin\spring-plugin-metadata\2.0.0.RELEASE\spring-plugin-metadata-2.0.0.RELEASE.jar;E:\pvmaven\repository\org\mapstruct\mapstruct\1.3.1.Final\mapstruct-1.3.1.Final.jar;E:\pvmaven\repository\io\springfox\springfox-bean-validators\2.10.5\springfox-bean-validators-2.10.5.jar;E:\pvmaven\repository\io\springfox\springfox-spring-webmvc\2.10.5\springfox-spring-webmvc-2.10.5.jar;E:\pvmaven\repository\com\github\xiaoymin\knife4j-spring-ui\2.0.7\knife4j-spring-ui-2.0.7.jar;E:\pvmaven\repository\ch\qos\logback\logback-classic\1.2.3\logback-classic-1.2.3.jar;E:\pvmaven\repository\ch\qos\logback\logback-core\1.2.11\logback-core-1.2.11.jar;E:\pvmaven\repository\org\slf4j\slf4j-api\1.7.36\slf4j-api-1.7.36.jar;E:\pvmaven\repository\com\alibaba\fastjson\1.2.60\fastjson-1.2.60.jar;E:\pvmaven\repository\commons-codec\commons-codec\1.10\commons-codec-1.10.jar;E:\pvmaven\repository\com\alibaba\druid\1.1.6\druid-1.1.6.jar;E:\pvmaven\repository\org\springframework\boot\spring-boot-starter-data-redis\2.7.0\spring-boot-starter-data-redis-2.7.0.jar;E:\pvmaven\repository\org\springframework\data\spring-data-redis\2.7.0\spring-data-redis-2.7.0.jar;E:\pvmaven\repository\org\springframework\data\spring-data-keyvalue\2.7.0\spring-data-keyvalue-2.7.0.jar;E:\pvmaven\repository\org\springframework\data\spring-data-commons\2.7.0\spring-data-commons-2.7.0.jar;E:\pvmaven\repository\org\springframework\spring-oxm\5.3.20\spring-oxm-5.3.20.jar;E:\pvmaven\repository\org\springframework\spring-context-support\5.3.20\spring-context-support-5.3.20.jar;E:\pvmaven\repository\io\lettuce\lettuce-core\6.1.8.RELEASE\lettuce-core-6.1.8.RELEASE.jar;E:\pvmaven\repository\io\netty\netty-common\4.1.77.Final\netty-common-4.1.77.Final.jar;E:\pvmaven\repository\io\netty\netty-handler\4.1.77.Final\netty-handler-4.1.77.Final.jar;E:\pvmaven\repository\io\netty\netty-resolver\4.1.77.Final\netty-resolver-4.1.77.Final.jar;E:\pvmaven\repository\io\netty\netty-buffer\4.1.77.Final\netty-buffer-4.1.77.Final.jar;E:\pvmaven\repository\io\netty\netty-codec\4.1.77.Final\netty-codec-4.1.77.Final.jar;E:\pvmaven\repository\io\netty\netty-transport\4.1.77.Final\netty-transport-4.1.77.Final.jar;E:\pvmaven\repository\io\projectreactor\reactor-core\3.4.18\reactor-core-3.4.18.jar;E:\pvmaven\repository\org\reactivestreams\reactive-streams\1.0.3\reactive-streams-1.0.3.jar;E:\pvmaven\repository\org\apache\commons\commons-pool2\2.11.1\commons-pool2-2.11.1.jar;E:\pvmaven\repository\org\springframework\boot\spring-boot-configuration-processor\2.7.0\spring-boot-configuration-processor-2.7.0.jar;"/>
    <property name="java.vm.vendor" value="Oracle Corporation"/>
    <property name="sun.arch.data.model" value="64"/>
    <property name="user.variant" value=""/>
    <property name="java.vendor.url" value="http://java.oracle.com/"/>
    <property name="user.timezone" value="Asia/Shanghai"/>
    <property name="java.vm.specification.version" value="1.8"/>
    <property name="os.name" value="Windows 8.1"/>
    <property name="user.country" value="CN"/>
    <property name="sun.java.launcher" value="SUN_STANDARD"/>
    <property name="sun.boot.library.path" value="E:\work\Java\jdk1.8.0_31\jre\bin"/>
    <property name="sun.java.command" value="C:\Users\静小文\AppData\Local\Temp\surefire6784300078878865042\surefirebooter3289567157713469028.jar C:\Users\静小文\AppData\Local\Temp\surefire6784300078878865042 2022-07-04T11-18-32_390-jvmRun1 surefire1768816903411781935tmp surefire_07984158542439856119tmp"/>
    <property name="surefire.test.class.path" value="G:\workspace\BookShopManage\target\test-classes;G:\workspace\BookShopManage\target\classes;E:\pvmaven\repository\org\springframework\boot\spring-boot-starter\2.7.0\spring-boot-starter-2.7.0.jar;E:\pvmaven\repository\org\springframework\boot\spring-boot\2.7.0\spring-boot-2.7.0.jar;E:\pvmaven\repository\org\springframework\spring-context\5.3.20\spring-context-5.3.20.jar;E:\pvmaven\repository\org\springframework\boot\spring-boot-autoconfigure\2.7.0\spring-boot-autoconfigure-2.7.0.jar;E:\pvmaven\repository\org\springframework\boot\spring-boot-starter-logging\2.7.0\spring-boot-starter-logging-2.7.0.jar;E:\pvmaven\repository\org\apache\logging\log4j\log4j-to-slf4j\2.17.2\log4j-to-slf4j-2.17.2.jar;E:\pvmaven\repository\org\apache\logging\log4j\log4j-api\2.17.2\log4j-api-2.17.2.jar;E:\pvmaven\repository\org\slf4j\jul-to-slf4j\1.7.36\jul-to-slf4j-1.7.36.jar;E:\pvmaven\repository\jakarta\annotation\jakarta.annotation-api\1.3.5\jakarta.annotation-api-1.3.5.jar;E:\pvmaven\repository\org\springframework\spring-core\5.3.20\spring-core-5.3.20.jar;E:\pvmaven\repository\org\springframework\spring-jcl\5.3.20\spring-jcl-5.3.20.jar;E:\pvmaven\repository\org\yaml\snakeyaml\1.30\snakeyaml-1.30.jar;E:\pvmaven\repository\org\springframework\boot\spring-boot-starter-test\2.7.0\spring-boot-starter-test-2.7.0.jar;E:\pvmaven\repository\org\springframework\boot\spring-boot-test\2.7.0\spring-boot-test-2.7.0.jar;E:\pvmaven\repository\org\springframework\boot\spring-boot-test-autoconfigure\2.7.0\spring-boot-test-autoconfigure-2.7.0.jar;E:\pvmaven\repository\com\jayway\jsonpath\json-path\2.7.0\json-path-2.7.0.jar;E:\pvmaven\repository\net\minidev\json-smart\2.4.8\json-smart-2.4.8.jar;E:\pvmaven\repository\net\minidev\accessors-smart\2.4.8\accessors-smart-2.4.8.jar;E:\pvmaven\repository\org\ow2\asm\asm\9.1\asm-9.1.jar;E:\pvmaven\repository\jakarta\xml\bind\jakarta.xml.bind-api\2.3.3\jakarta.xml.bind-api-2.3.3.jar;E:\pvmaven\repository\jakarta\activation\jakarta.activation-api\1.2.2\jakarta.activation-api-1.2.2.jar;E:\pvmaven\repository\org\assertj\assertj-core\3.22.0\assertj-core-3.22.0.jar;E:\pvmaven\repository\org\hamcrest\hamcrest\2.2\hamcrest-2.2.jar;E:\pvmaven\repository\org\junit\jupiter\junit-jupiter\5.8.2\junit-jupiter-5.8.2.jar;E:\pvmaven\repository\org\junit\jupiter\junit-jupiter-api\5.8.2\junit-jupiter-api-5.8.2.jar;E:\pvmaven\repository\org\opentest4j\opentest4j\1.2.0\opentest4j-1.2.0.jar;E:\pvmaven\repository\org\junit\platform\junit-platform-commons\1.8.2\junit-platform-commons-1.8.2.jar;E:\pvmaven\repository\org\apiguardian\apiguardian-api\1.1.2\apiguardian-api-1.1.2.jar;E:\pvmaven\repository\org\junit\jupiter\junit-jupiter-params\5.8.2\junit-jupiter-params-5.8.2.jar;E:\pvmaven\repository\org\junit\jupiter\junit-jupiter-engine\5.8.2\junit-jupiter-engine-5.8.2.jar;E:\pvmaven\repository\org\junit\platform\junit-platform-engine\1.8.2\junit-platform-engine-1.8.2.jar;E:\pvmaven\repository\org\mockito\mockito-core\4.5.1\mockito-core-4.5.1.jar;E:\pvmaven\repository\net\bytebuddy\byte-buddy\1.12.10\byte-buddy-1.12.10.jar;E:\pvmaven\repository\net\bytebuddy\byte-buddy-agent\1.12.10\byte-buddy-agent-1.12.10.jar;E:\pvmaven\repository\org\objenesis\objenesis\3.2\objenesis-3.2.jar;E:\pvmaven\repository\org\mockito\mockito-junit-jupiter\4.5.1\mockito-junit-jupiter-4.5.1.jar;E:\pvmaven\repository\org\skyscreamer\jsonassert\1.5.0\jsonassert-1.5.0.jar;E:\pvmaven\repository\com\vaadin\external\google\android-json\0.0.20131108.vaadin1\android-json-0.0.20131108.vaadin1.jar;E:\pvmaven\repository\org\springframework\spring-test\5.3.20\spring-test-5.3.20.jar;E:\pvmaven\repository\org\xmlunit\xmlunit-core\2.9.0\xmlunit-core-2.9.0.jar;E:\pvmaven\repository\com\baomidou\mybatis-plus-boot-starter\3.5.1\mybatis-plus-boot-starter-3.5.1.jar;E:\pvmaven\repository\com\baomidou\mybatis-plus\3.5.1\mybatis-plus-3.5.1.jar;E:\pvmaven\repository\com\baomidou\mybatis-plus-extension\3.5.1\mybatis-plus-extension-3.5.1.jar;E:\pvmaven\repository\com\baomidou\mybatis-plus-core\3.5.1\mybatis-plus-core-3.5.1.jar;E:\pvmaven\repository\com\baomidou\mybatis-plus-annotation\3.5.1\mybatis-plus-annotation-3.5.1.jar;E:\pvmaven\repository\com\github\jsqlparser\jsqlparser\4.3\jsqlparser-4.3.jar;E:\pvmaven\repository\org\projectlombok\lombok\1.18.24\lombok-1.18.24.jar;E:\pvmaven\repository\mysql\mysql-connector-java\8.0.29\mysql-connector-java-8.0.29.jar;E:\pvmaven\repository\org\mybatis\spring\boot\mybatis-spring-boot-starter\2.2.1\mybatis-spring-boot-starter-2.2.1.jar;E:\pvmaven\repository\org\mybatis\spring\boot\mybatis-spring-boot-autoconfigure\2.2.1\mybatis-spring-boot-autoconfigure-2.2.1.jar;E:\pvmaven\repository\org\mybatis\mybatis\3.5.9\mybatis-3.5.9.jar;E:\pvmaven\repository\org\mybatis\mybatis-spring\2.0.6\mybatis-spring-2.0.6.jar;E:\pvmaven\repository\org\springframework\boot\spring-boot-starter-jdbc\2.7.0\spring-boot-starter-jdbc-2.7.0.jar;E:\pvmaven\repository\com\zaxxer\HikariCP\4.0.3\HikariCP-4.0.3.jar;E:\pvmaven\repository\org\springframework\spring-jdbc\5.3.20\spring-jdbc-5.3.20.jar;E:\pvmaven\repository\org\springframework\spring-beans\5.3.20\spring-beans-5.3.20.jar;E:\pvmaven\repository\org\springframework\spring-tx\5.3.20\spring-tx-5.3.20.jar;E:\pvmaven\repository\com\auth0\java-jwt\3.2.0\java-jwt-3.2.0.jar;E:\pvmaven\repository\com\fasterxml\jackson\core\jackson-databind\2.13.3\jackson-databind-2.13.3.jar;E:\pvmaven\repository\com\fasterxml\jackson\core\jackson-annotations\2.13.3\jackson-annotations-2.13.3.jar;E:\pvmaven\repository\com\fasterxml\jackson\core\jackson-core\2.13.3\jackson-core-2.13.3.jar;E:\pvmaven\repository\org\bouncycastle\bcprov-jdk15on\1.55\bcprov-jdk15on-1.55.jar;E:\pvmaven\repository\org\springframework\boot\spring-boot-starter-web\2.7.0\spring-boot-starter-web-2.7.0.jar;E:\pvmaven\repository\org\springframework\boot\spring-boot-starter-json\2.7.0\spring-boot-starter-json-2.7.0.jar;E:\pvmaven\repository\com\fasterxml\jackson\datatype\jackson-datatype-jdk8\2.13.3\jackson-datatype-jdk8-2.13.3.jar;E:\pvmaven\repository\com\fasterxml\jackson\datatype\jackson-datatype-jsr310\2.13.3\jackson-datatype-jsr310-2.13.3.jar;E:\pvmaven\repository\com\fasterxml\jackson\module\jackson-module-parameter-names\2.13.3\jackson-module-parameter-names-2.13.3.jar;E:\pvmaven\repository\org\springframework\boot\spring-boot-starter-tomcat\2.7.0\spring-boot-starter-tomcat-2.7.0.jar;E:\pvmaven\repository\org\apache\tomcat\embed\tomcat-embed-core\9.0.63\tomcat-embed-core-9.0.63.jar;E:\pvmaven\repository\org\apache\tomcat\embed\tomcat-embed-el\9.0.63\tomcat-embed-el-9.0.63.jar;E:\pvmaven\repository\org\apache\tomcat\embed\tomcat-embed-websocket\9.0.63\tomcat-embed-websocket-9.0.63.jar;E:\pvmaven\repository\org\springframework\spring-web\5.3.20\spring-web-5.3.20.jar;E:\pvmaven\repository\org\springframework\spring-webmvc\5.3.20\spring-webmvc-5.3.20.jar;E:\pvmaven\repository\org\springframework\spring-aop\5.3.20\spring-aop-5.3.20.jar;E:\pvmaven\repository\org\springframework\spring-expression\5.3.20\spring-expression-5.3.20.jar;E:\pvmaven\repository\com\github\xiaoymin\knife4j-spring-boot-starter\2.0.7\knife4j-spring-boot-starter-2.0.7.jar;E:\pvmaven\repository\com\github\xiaoymin\knife4j-spring-boot-autoconfigure\2.0.7\knife4j-spring-boot-autoconfigure-2.0.7.jar;E:\pvmaven\repository\com\github\xiaoymin\knife4j-spring\2.0.7\knife4j-spring-2.0.7.jar;E:\pvmaven\repository\com\github\xiaoymin\knife4j-annotations\2.0.7\knife4j-annotations-2.0.7.jar;E:\pvmaven\repository\com\github\xiaoymin\knife4j-core\2.0.7\knife4j-core-2.0.7.jar;E:\pvmaven\repository\org\javassist\javassist\3.25.0-GA\javassist-3.25.0-GA.jar;E:\pvmaven\repository\io\swagger\swagger-models\1.5.22\swagger-models-1.5.22.jar;E:\pvmaven\repository\io\swagger\swagger-annotations\1.5.22\swagger-annotations-1.5.22.jar;E:\pvmaven\repository\io\springfox\springfox-swagger2\2.10.5\springfox-swagger2-2.10.5.jar;E:\pvmaven\repository\io\springfox\springfox-spi\2.10.5\springfox-spi-2.10.5.jar;E:\pvmaven\repository\io\springfox\springfox-core\2.10.5\springfox-core-2.10.5.jar;E:\pvmaven\repository\io\springfox\springfox-schema\2.10.5\springfox-schema-2.10.5.jar;E:\pvmaven\repository\io\springfox\springfox-swagger-common\2.10.5\springfox-swagger-common-2.10.5.jar;E:\pvmaven\repository\io\springfox\springfox-spring-web\2.10.5\springfox-spring-web-2.10.5.jar;E:\pvmaven\repository\io\github\classgraph\classgraph\4.1.7\classgraph-4.1.7.jar;E:\pvmaven\repository\com\fasterxml\classmate\1.5.1\classmate-1.5.1.jar;E:\pvmaven\repository\org\springframework\plugin\spring-plugin-core\2.0.0.RELEASE\spring-plugin-core-2.0.0.RELEASE.jar;E:\pvmaven\repository\org\springframework\plugin\spring-plugin-metadata\2.0.0.RELEASE\spring-plugin-metadata-2.0.0.RELEASE.jar;E:\pvmaven\repository\org\mapstruct\mapstruct\1.3.1.Final\mapstruct-1.3.1.Final.jar;E:\pvmaven\repository\io\springfox\springfox-bean-validators\2.10.5\springfox-bean-validators-2.10.5.jar;E:\pvmaven\repository\io\springfox\springfox-spring-webmvc\2.10.5\springfox-spring-webmvc-2.10.5.jar;E:\pvmaven\repository\com\github\xiaoymin\knife4j-spring-ui\2.0.7\knife4j-spring-ui-2.0.7.jar;E:\pvmaven\repository\ch\qos\logback\logback-classic\1.2.3\logback-classic-1.2.3.jar;E:\pvmaven\repository\ch\qos\logback\logback-core\1.2.11\logback-core-1.2.11.jar;E:\pvmaven\repository\org\slf4j\slf4j-api\1.7.36\slf4j-api-1.7.36.jar;E:\pvmaven\repository\com\alibaba\fastjson\1.2.60\fastjson-1.2.60.jar;E:\pvmaven\repository\commons-codec\commons-codec\1.10\commons-codec-1.10.jar;E:\pvmaven\repository\com\alibaba\druid\1.1.6\druid-1.1.6.jar;E:\pvmaven\repository\org\springframework\boot\spring-boot-starter-data-redis\2.7.0\spring-boot-starter-data-redis-2.7.0.jar;E:\pvmaven\repository\org\springframework\data\spring-data-redis\2.7.0\spring-data-redis-2.7.0.jar;E:\pvmaven\repository\org\springframework\data\spring-data-keyvalue\2.7.0\spring-data-keyvalue-2.7.0.jar;E:\pvmaven\repository\org\springframework\data\spring-data-commons\2.7.0\spring-data-commons-2.7.0.jar;E:\pvmaven\repository\org\springframework\spring-oxm\5.3.20\spring-oxm-5.3.20.jar;E:\pvmaven\repository\org\springframework\spring-context-support\5.3.20\spring-context-support-5.3.20.jar;E:\pvmaven\repository\io\lettuce\lettuce-core\6.1.8.RELEASE\lettuce-core-6.1.8.RELEASE.jar;E:\pvmaven\repository\io\netty\netty-common\4.1.77.Final\netty-common-4.1.77.Final.jar;E:\pvmaven\repository\io\netty\netty-handler\4.1.77.Final\netty-handler-4.1.77.Final.jar;E:\pvmaven\repository\io\netty\netty-resolver\4.1.77.Final\netty-resolver-4.1.77.Final.jar;E:\pvmaven\repository\io\netty\netty-buffer\4.1.77.Final\netty-buffer-4.1.77.Final.jar;E:\pvmaven\repository\io\netty\netty-codec\4.1.77.Final\netty-codec-4.1.77.Final.jar;E:\pvmaven\repository\io\netty\netty-transport\4.1.77.Final\netty-transport-4.1.77.Final.jar;E:\pvmaven\repository\io\projectreactor\reactor-core\3.4.18\reactor-core-3.4.18.jar;E:\pvmaven\repository\org\reactivestreams\reactive-streams\1.0.3\reactive-streams-1.0.3.jar;E:\pvmaven\repository\org\apache\commons\commons-pool2\2.11.1\commons-pool2-2.11.1.jar;E:\pvmaven\repository\org\springframework\boot\spring-boot-configuration-processor\2.7.0\spring-boot-configuration-processor-2.7.0.jar;"/>
    <property name="sun.cpu.endian" value="little"/>
    <property name="user.home" value="C:\Users\静小文"/>
    <property name="user.language" value="zh"/>
    <property name="java.specification.vendor" value="Oracle Corporation"/>
    <property name="java.home" value="E:\work\Java\jdk1.8.0_31\jre"/>
    <property name="basedir" value="G:\workspace\BookShopManage"/>
    <property name="file.separator" value="\"/>
    <property name="line.separator" value="&#10;"/>
    <property name="java.vm.specification.vendor" value="Oracle Corporation"/>
    <property name="java.specification.name" value="Java Platform API Specification"/>
    <property name="java.awt.graphicsenv" value="sun.awt.Win32GraphicsEnvironment"/>
    <property name="surefire.real.class.path" value="C:\Users\静小文\AppData\Local\Temp\surefire6784300078878865042\surefirebooter3289567157713469028.jar"/>
    <property name="sun.boot.class.path" value="E:\work\Java\jdk1.8.0_31\jre\lib\resources.jar;E:\work\Java\jdk1.8.0_31\jre\lib\rt.jar;E:\work\Java\jdk1.8.0_31\jre\lib\sunrsasign.jar;E:\work\Java\jdk1.8.0_31\jre\lib\jsse.jar;E:\work\Java\jdk1.8.0_31\jre\lib\jce.jar;E:\work\Java\jdk1.8.0_31\jre\lib\charsets.jar;E:\work\Java\jdk1.8.0_31\jre\lib\jfr.jar;E:\work\Java\jdk1.8.0_31\jre\classes"/>
    <property name="user.script" value=""/>
    <property name="sun.management.compiler" value="HotSpot 64-Bit Tiered Compilers"/>
    <property name="java.runtime.version" value="1.8.0_31-b13"/>
    <property name="user.name" value="静小文"/>
    <property name="path.separator" value=";"/>
    <property name="os.version" value="6.3"/>
    <property name="java.endorsed.dirs" value="E:\work\Java\jdk1.8.0_31\jre\lib\endorsed"/>
    <property name="java.runtime.name" value="Java(TM) SE Runtime Environment"/>
    <property name="file.encoding" value="GBK"/>
    <property name="java.vm.name" value="Java HotSpot(TM) 64-Bit Server VM"/>
    <property name="localRepository" value="E:\pvmaven\repository"/>
    <property name="java.vendor.url.bug" value="http://bugreport.sun.com/bugreport/"/>
    <property name="java.io.tmpdir" value="C:\Users\静小文\AppData\Local\Temp\"/>
    <property name="java.version" value="1.8.0_31"/>
    <property name="user.dir" value="G:\workspace\BookShopManage"/>
    <property name="os.arch" value="amd64"/>
    <property name="java.vm.specification.name" value="Java Virtual Machine Specification"/>
    <property name="java.awt.printerjob" value="sun.awt.windows.WPrinterJob"/>
    <property name="idea.version2019.1.3" value="true"/>
    <property name="sun.os.patch.level" value=""/>
    <property name="java.library.path" value="E:\work\Java\jdk1.8.0_31\jre\bin;C:\WINDOWS\Sun\Java\bin;C:\WINDOWS\system32;C:\WINDOWS;E:\workv\TrueBack;C:\Program Files (x86)\GrgBanking\VDA;C:\Program Files (x86)\GrgBanking\GRGXFSSP;C:\Program Files (x86)\GrgBanking\DevDriver;C:\Program Files (x86)\Common Files\Oracle\Java\javapath;F:\work\python\Scripts\;F:\work\python\;C:\ProgramData\Oracle\Java\javapath;C:;Program Files (x86)\Common Files\Oracle\Java\javapath;E:\work\Java\jdk1.8.0_31\bin;&quot;C:\Program Files (x86)\Common Files\Oracle\Java\javapath;D:MySQL\mysql-8.0.19-winx64\bin&quot;;C:\Program Files\Java\jdk-10.0.2\binC:\Program Files (x86)\Common Files\Oracle\Java\javapath;C:C:\Program Files\Java\jdk-10.0.2\bin \Program Files (x86)\Common Files\Oracle\Java\javapath;C:\Windows\system32;C:\Windows;C:\Windows\System32\Wbem;C:\Windows\System32\WindowsPowerShell\v1.0\;C:\Program Files (x86)\NVIDIA Corporation\PhysX\Common;C:\WINDOWS\system32;C:\WINDOWS;C:\WINDOWS\System32\Wbem;C:\WINDOWS\System32\WindowsPowerShell\v1.0\;C:\WINDOWS\System32\OpenSSH\;C:\Program Files\NVIDIA Corporation\NVIDIA NvDLISR;C:\WINDOWS\system32;C:\WINDOWS;C:\WINDOWS\System32\Wbem;C:\WINDOWS\System32\WindowsPowerShell\v1.0\;C:\WINDOWS\System32\OpenSSH\;F:\Program Files\Microsoft SQL Server\100\DTS\Binn\;C:\Program Files\Google\Chrome\Application;E:\work\apache-maven-3.3.9\bin;E:\work\tomcat8\apache-tomcat-8.5.47\bin;E:\work\tomcat8\apache-tomcat-8.5.47\lib;g:\MySQL\MySQL Server 5.7\bin;E:\work\apache-maven-3.3.9\bin;G:\Program Files\Git\cmd;G:\Program Files\Git\bin;E:\putty\;E:\work\nodejs\;E:\work\vue\nodejs\node_global;E:\work\Java\jdk1.8.0_31\jre\bin;E:\work\TortoiseSVN\bin;F:\work\xftp\;F:\work\xshell\;E:\work\VScode\Microsoft VS Code\bin;F:\work\python\Scripts\;F:\work\python\;C:\Users\静小文\AppData\Local\Microsoft\WindowsApps;E:\work\IntelliJ IDEA Community Edition 2019.2.4\bin;;E:\work\IntelliJ IDEA 2019.1.3\bin;;G:\Program Files\Git\bin;C:\Users\静小文\AppData\Roaming\;C:\Users\静小文\AppData\Roaming\npm;."/>
    <property name="java.vm.info" value="mixed mode"/>
    <property name="java.vendor" value="Oracle Corporation"/>
    <property name="java.vm.version" value="25.31-b07"/>
    <property name="java.ext.dirs" value="E:\work\Java\jdk1.8.0_31\jre\lib\ext;C:\WINDOWS\Sun\Java\lib\ext"/>
    <property name="sun.io.unicode.encoding" value="UnicodeLittle"/>
    <property name="java.class.version" value="52.0"/>
  </properties>
  <testcase name="contextLoads" classname="com.zyz.bookshopmanage.BookshopmanageApplicationTests" time="0.707"/>
</testsuite>